<Widgets>
<ShapeWidgetComponents.TriangleCubic Point00="165, 110" Point01="291, 193" Point02="152, 243" Point03="233, 79" Point04="312, 127" Point05="226, 172" Point06="196, 202" Point07="200, 163" Point08="209, 134" ColorDraw="204, 102, 255" ColorFill="51, 255, 51" CreateStroke="true" StrokeWidth="5" SkipShapeDraw="false" > </ShapeWidgetComponents.TriangleCubic>
</Widgets>