<Widgets>
<Graphics2D.CurveShape Point00="379, 600" Point01="696, 693" Point02="539, 549" Point03="518, 684" ColorDraw="153, 255, 153" ColorFill="0, 204, 153" CreateStroke="true" StrokeWidth="16" NumberGeneratorConfig="1, 12, 1, 17, 0, 0, 102" SkipShapeDraw="false" > </Graphics2D.CurveShape>
<java.awt.geom.Ellipse2D Point00="346, 283" Point01="566, 488" ColorDraw="0, 0, 0" ColorFill="255, 255, 255" CreateStroke="true" StrokeWidth="2" SkipShapeDraw="false" > </java.awt.geom.Ellipse2D>
<java.awt.geom.Ellipse2D Point00="392, 329" Point01="507, 448" ColorDraw="0, 0, 0" ColorFill="0, 255, 204" CreateStroke="true" StrokeWidth="3" SkipShapeDraw="false" > </java.awt.geom.Ellipse2D>
<ShapeWidgetComponents.TriangleCubic Point00="435, 198" Point01="510, 438" Point02="395, 451" Point03="457, 395" Point04="469, 412" Point05="464, 424" Point06="440, 421" Point07="431, 412" Point08="437, 384" ColorDraw="204, 0, 102" ColorFill="153, 153, 153" CreateStroke="true" StrokeWidth="20" SkipShapeDraw="false" > </ShapeWidgetComponents.TriangleCubic>
<ShapeWidgetComponents.TriangleCubic Point00="644, 148" Point01="734, 241" Point02="595, 291" Point03="713, 137" Point04="755, 175" Point05="669, 220" Point06="639, 250" Point07="643, 211" Point08="652, 182" ColorDraw="204, 102, 255" ColorFill="51, 255, 51" CreateStroke="true" StrokeWidth="5" SkipShapeDraw="false" > </ShapeWidgetComponents.TriangleCubic>
</Widgets>