<Widgets>
<java.awt.geom.Ellipse2D Point00="246, 192" Point01="399, 377" ColorDraw="0, 0, 0" ColorFill="0, 0, 0" CreateStroke="false"  > </java.awt.geom.Ellipse2D>
</Widgets>