<Widgets>
<Graphics2D.CurveShape Point00="149, 205" Point01="303, 473" Point02="278, 219" Point03="360, 290" ColorDraw="0, 0, 0" ColorFill="255, 255, 255" CreateStroke="true" StrokeWidth="2"  > </Graphics2D.CurveShape>
</Widgets>