<Widgets>
<java.awt.geom.Ellipse2D Point00="250, 200" Point01="600, 500" ColorDraw="0, 0, 0" ColorFill="0, 0, 0" CreateStroke="false"  > </java.awt.geom.Ellipse2D>
</Widgets>